2017-09-20 21:28:48.210+0000 WARN [o.n.i.p.PageCache] The dbms.memory.pagecache.size setting has not been configured. It is recommended that this setting is always explicitly configured, to ensure the system has a balanced configuration. Until then, a computed heuristic value of 3290574848 bytes will be used instead. 
2017-09-20 21:28:49.048+0000 INFO [o.n.k.i.f.CommunityEditionModule] No locking implementation specified, defaulting to 'community'
2017-09-20 21:28:49.369+0000 INFO [o.n.k.AvailabilityGuard] Requirement makes database unavailable: Database available
2017-09-20 21:28:49.432+0000 INFO [o.n.k.i.DiagnosticsManager] --- INITIALIZED diagnostics START ---
2017-09-20 21:28:49.432+0000 INFO [o.n.k.i.DiagnosticsManager] Neo4j Kernel properties:
2017-09-20 21:28:49.433+0000 INFO [o.n.k.i.DiagnosticsManager] unsupported.dbms.edition=community
2017-09-20 21:28:49.433+0000 INFO [o.n.k.i.DiagnosticsManager] unsupported.dbms.directories.neo4j_home=C:\Univer\4curs\Neo4j_Test\data\cars
2017-09-20 21:28:49.434+0000 INFO [o.n.k.i.DiagnosticsManager] unsupported.dbms.ephemeral=false
2017-09-20 21:28:49.434+0000 INFO [o.n.k.i.DiagnosticsManager] Diagnostics providers:
2017-09-20 21:28:49.434+0000 INFO [o.n.k.i.DiagnosticsManager] org.neo4j.kernel.configuration.Config
2017-09-20 21:28:49.434+0000 INFO [o.n.k.i.DiagnosticsManager] org.neo4j.kernel.info.DiagnosticsManager
2017-09-20 21:28:49.434+0000 INFO [o.n.k.i.DiagnosticsManager] SYSTEM_MEMORY
2017-09-20 21:28:49.434+0000 INFO [o.n.k.i.DiagnosticsManager] JAVA_MEMORY
2017-09-20 21:28:49.434+0000 INFO [o.n.k.i.DiagnosticsManager] OPERATING_SYSTEM
2017-09-20 21:28:49.435+0000 INFO [o.n.k.i.DiagnosticsManager] JAVA_VIRTUAL_MACHINE
2017-09-20 21:28:49.435+0000 INFO [o.n.k.i.DiagnosticsManager] CLASSPATH
2017-09-20 21:28:49.435+0000 INFO [o.n.k.i.DiagnosticsManager] LIBRARY_PATH
2017-09-20 21:28:49.435+0000 INFO [o.n.k.i.DiagnosticsManager] SYSTEM_PROPERTIES
2017-09-20 21:28:49.435+0000 INFO [o.n.k.i.DiagnosticsManager] NETWORK
2017-09-20 21:28:49.436+0000 INFO [o.n.k.i.DiagnosticsManager] System memory information:
2017-09-20 21:28:49.439+0000 INFO [o.n.k.i.DiagnosticsManager] Total Physical memory: 7,88 GB
2017-09-20 21:28:49.439+0000 INFO [o.n.k.i.DiagnosticsManager] Free Physical memory: 2,70 GB
2017-09-20 21:28:49.440+0000 INFO [o.n.k.i.DiagnosticsManager] Committed virtual memory: 284,14 MB
2017-09-20 21:28:49.440+0000 INFO [o.n.k.i.DiagnosticsManager] Total swap space: 9,33 GB
2017-09-20 21:28:49.440+0000 INFO [o.n.k.i.DiagnosticsManager] Free swap space: 2,64 GB
2017-09-20 21:28:49.440+0000 INFO [o.n.k.i.DiagnosticsManager] JVM memory information:
2017-09-20 21:28:49.441+0000 INFO [o.n.k.i.DiagnosticsManager] Free  memory: 77,50 MB
2017-09-20 21:28:49.441+0000 INFO [o.n.k.i.DiagnosticsManager] Total memory: 123,00 MB
2017-09-20 21:28:49.441+0000 INFO [o.n.k.i.DiagnosticsManager] Max   memory: 1,75 GB
2017-09-20 21:28:49.443+0000 INFO [o.n.k.i.DiagnosticsManager] Garbage Collector: PS Scavenge: [PS Eden Space, PS Survivor Space]
2017-09-20 21:28:49.443+0000 INFO [o.n.k.i.DiagnosticsManager] Garbage Collector: PS MarkSweep: [PS Eden Space, PS Survivor Space, PS Old Gen]
2017-09-20 21:28:49.444+0000 INFO [o.n.k.i.DiagnosticsManager] Memory Pool: Code Cache (Non-heap memory): committed=4,75 MB, used=4,74 MB, max=240,00 MB, threshold=0,00 B
2017-09-20 21:28:49.445+0000 INFO [o.n.k.i.DiagnosticsManager] Memory Pool: Metaspace (Non-heap memory): committed=12,63 MB, used=11,88 MB, max=-1,00 B, threshold=0,00 B
2017-09-20 21:28:49.445+0000 INFO [o.n.k.i.DiagnosticsManager] Memory Pool: Compressed Class Space (Non-heap memory): committed=1,88 MB, used=1,59 MB, max=1,00 GB, threshold=0,00 B
2017-09-20 21:28:49.446+0000 INFO [o.n.k.i.DiagnosticsManager] Memory Pool: PS Eden Space (Heap memory): committed=32,50 MB, used=15,51 MB, max=663,00 MB, threshold=?
2017-09-20 21:28:49.446+0000 INFO [o.n.k.i.DiagnosticsManager] Memory Pool: PS Survivor Space (Heap memory): committed=5,00 MB, used=4,99 MB, max=5,00 MB, threshold=?
2017-09-20 21:28:49.447+0000 INFO [o.n.k.i.DiagnosticsManager] Memory Pool: PS Old Gen (Heap memory): committed=85,50 MB, used=25,00 MB, max=1,32 GB, threshold=0,00 B
2017-09-20 21:28:49.447+0000 INFO [o.n.k.i.DiagnosticsManager] Operating system information:
2017-09-20 21:28:49.448+0000 INFO [o.n.k.i.DiagnosticsManager] Operating System: Windows 10; version: 10.0; arch: amd64; cpus: 4
2017-09-20 21:28:49.460+0000 INFO [o.n.k.i.DiagnosticsManager] Process id: 11076@DESKTOP-35SA8EL
2017-09-20 21:28:49.461+0000 INFO [o.n.k.i.DiagnosticsManager] Byte order: LITTLE_ENDIAN
2017-09-20 21:28:49.461+0000 INFO [o.n.k.i.DiagnosticsManager] Local timezone: Europe/Moscow
2017-09-20 21:28:49.461+0000 INFO [o.n.k.i.DiagnosticsManager] JVM information:
2017-09-20 21:28:49.461+0000 INFO [o.n.k.i.DiagnosticsManager] VM Name: Java HotSpot(TM) 64-Bit Server VM
2017-09-20 21:28:49.461+0000 INFO [o.n.k.i.DiagnosticsManager] VM Vendor: Oracle Corporation
2017-09-20 21:28:49.461+0000 INFO [o.n.k.i.DiagnosticsManager] VM Version: 25.121-b13
2017-09-20 21:28:49.462+0000 INFO [o.n.k.i.DiagnosticsManager] JIT compiler: HotSpot 64-Bit Tiered Compilers
2017-09-20 21:28:49.462+0000 INFO [o.n.k.i.DiagnosticsManager] VM Arguments: [-Didea.launcher.port=7532, -Didea.launcher.bin.path=C:\MyProgram\IntelliJ IDEA 2016.3.3\bin, -Dfile.encoding=UTF-8]
2017-09-20 21:28:49.463+0000 INFO [o.n.k.i.DiagnosticsManager] Java classpath:
2017-09-20 21:28:49.466+0000 INFO [o.n.k.i.DiagnosticsManager]  [classpath + loader.0] file:/C:/Users/Stanislav/.m2/repository/org/neo4j/neo4j-cypher-compiler-3.2/3.2.5/neo4j-cypher-compiler-3.2-3.2.5.jar
2017-09-20 21:28:49.466+0000 INFO [o.n.k.i.DiagnosticsManager]  [classpath + loader.0] file:/C:/Users/Stanislav/.m2/repository/org/neo4j/neo4j-unsafe/3.2.5/neo4j-unsafe-3.2.5.jar
2017-09-20 21:28:49.466+0000 INFO [o.n.k.i.DiagnosticsManager]  [loader.1] file:/C:/MyProgram/JDK/jre/lib/ext/sunec.jar
2017-09-20 21:28:49.466+0000 INFO [o.n.k.i.DiagnosticsManager]  [classpath + loader.0] file:/C:/Users/Stanislav/.m2/repository/io/netty/netty-all/4.1.15.Final/netty-all-4.1.15.Final.jar
2017-09-20 21:28:49.466+0000 INFO [o.n.k.i.DiagnosticsManager]  [classpath + loader.0] file:/C:/Users/Stanislav/.m2/repository/org/neo4j/neo4j-codegen/3.2.5/neo4j-codegen-3.2.5.jar
2017-09-20 21:28:49.466+0000 INFO [o.n.k.i.DiagnosticsManager]  [classpath + loader.0] file:/C:/Users/Stanislav/.m2/repository/org/neo4j/neo4j-collections/3.2.5/neo4j-collections-3.2.5.jar
2017-09-20 21:28:49.466+0000 INFO [o.n.k.i.DiagnosticsManager]  [classpath + loader.0] file:/C:/Users/Stanislav/.m2/repository/org/neo4j/neo4j-cypher/3.2.5/neo4j-cypher-3.2.5.jar
2017-09-20 21:28:49.466+0000 INFO [o.n.k.i.DiagnosticsManager]  [classpath + loader.0] file:/C:/MyProgram/JDK/jre/lib/javaws.jar
2017-09-20 21:28:49.466+0000 INFO [o.n.k.i.DiagnosticsManager]  [classpath + loader.0] file:/C:/MyProgram/JDK/jre/lib/gl4java-glutfonts.jar
2017-09-20 21:28:49.466+0000 INFO [o.n.k.i.DiagnosticsManager]  [classpath + loader.0] file:/C:/MyProgram/JDK/jre/lib/gl4java.jar
2017-09-20 21:28:49.466+0000 INFO [o.n.k.i.DiagnosticsManager]  [classpath + loader.0] file:/C:/Users/Stanislav/.m2/repository/org/scala-lang/scala-library/2.11.8/scala-library-2.11.8.jar
2017-09-20 21:28:49.466+0000 INFO [o.n.k.i.DiagnosticsManager]  [bootstrap + classpath + loader.0] file:/C:/MyProgram/JDK/jre/lib/rt.jar
2017-09-20 21:28:49.468+0000 INFO [o.n.k.i.DiagnosticsManager]  [classpath + loader.0] file:/C:/Users/Stanislav/.m2/repository/org/neo4j/neo4j-cypher-frontend-3.1/3.1.6/neo4j-cypher-frontend-3.1-3.1.6.jar
2017-09-20 21:28:49.468+0000 INFO [o.n.k.i.DiagnosticsManager]  [loader.1] file:/C:/MyProgram/JDK/jre/lib/ext/sunjce_provider.jar
2017-09-20 21:28:49.468+0000 INFO [o.n.k.i.DiagnosticsManager]  [loader.1] file:/C:/MyProgram/JDK/jre/lib/ext/zipfs.jar
2017-09-20 21:28:49.468+0000 INFO [o.n.k.i.DiagnosticsManager]  [classpath + loader.0] file:/C:/Univer/4curs/Neo4j_Test/target/classes/
2017-09-20 21:28:49.468+0000 INFO [o.n.k.i.DiagnosticsManager]  [classpath + loader.0] file:/C:/Users/Stanislav/.m2/repository/org/neo4j/neo4j-command-line/3.2.5/neo4j-command-line-3.2.5.jar
2017-09-20 21:28:49.468+0000 INFO [o.n.k.i.DiagnosticsManager]  [classpath + loader.0] file:/C:/Users/Stanislav/.m2/repository/org/apache/commons/commons-lang3/3.3.2/commons-lang3-3.3.2.jar
2017-09-20 21:28:49.468+0000 INFO [o.n.k.i.DiagnosticsManager]  [classpath + loader.0] file:/C:/Users/Stanislav/.m2/repository/org/bouncycastle/bcpkix-jdk15on/1.53/bcpkix-jdk15on-1.53.jar
2017-09-20 21:28:49.468+0000 INFO [o.n.k.i.DiagnosticsManager]  [classpath + loader.0] file:/C:/Users/Stanislav/.m2/repository/org/neo4j/neo4j-resource/3.2.5/neo4j-resource-3.2.5.jar
2017-09-20 21:28:49.470+0000 INFO [o.n.k.i.DiagnosticsManager]  [classpath + loader.0] file:/C:/Users/Stanislav/.m2/repository/org/neo4j/neo4j-configuration/3.2.5/neo4j-configuration-3.2.5.jar
2017-09-20 21:28:49.470+0000 INFO [o.n.k.i.DiagnosticsManager]  [classpath + loader.0] file:/C:/Users/Stanislav/.m2/repository/org/ow2/asm/asm/5.2/asm-5.2.jar
2017-09-20 21:28:49.470+0000 INFO [o.n.k.i.DiagnosticsManager]  [bootstrap + classpath + loader.0] file:/C:/MyProgram/JDK/jre/lib/charsets.jar
2017-09-20 21:28:49.470+0000 INFO [o.n.k.i.DiagnosticsManager]  [loader.1] file:/C:/MyProgram/JDK/jre/lib/ext/png.jar
2017-09-20 21:28:49.470+0000 INFO [o.n.k.i.DiagnosticsManager]  [bootstrap + classpath + loader.0] file:/C:/MyProgram/JDK/jre/lib/jce.jar
2017-09-20 21:28:49.470+0000 INFO [o.n.k.i.DiagnosticsManager]  [classpath + loader.0] file:/C:/Users/Stanislav/.m2/repository/net/sf/opencsv/opencsv/2.3/opencsv-2.3.jar
2017-09-20 21:28:49.470+0000 INFO [o.n.k.i.DiagnosticsManager]  [loader.1] file:/C:/MyProgram/JDK/jre/lib/ext/dnsns.jar
2017-09-20 21:28:49.470+0000 INFO [o.n.k.i.DiagnosticsManager]  [classpath + loader.0] file:/C:/Users/Stanislav/.m2/repository/org/neo4j/neo4j-index/3.2.5/neo4j-index-3.2.5.jar
2017-09-20 21:28:49.470+0000 INFO [o.n.k.i.DiagnosticsManager]  [classpath + loader.0] file:/C:/Users/Stanislav/.m2/repository/org/neo4j/neo4j-logging/3.2.5/neo4j-logging-3.2.5.jar
2017-09-20 21:28:49.470+0000 INFO [o.n.k.i.DiagnosticsManager]  [classpath + loader.0] file:/C:/Users/Stanislav/.m2/repository/com/googlecode/concurrentlinkedhashmap/concurrentlinkedhashmap-lru/1.4.2/concurrentlinkedhashmap-lru-1.4.2.jar
2017-09-20 21:28:49.470+0000 INFO [o.n.k.i.DiagnosticsManager]  [classpath + loader.0] file:/C:/Users/Stanislav/.m2/repository/org/neo4j/neo4j-dbms/3.2.5/neo4j-dbms-3.2.5.jar
2017-09-20 21:28:49.470+0000 INFO [o.n.k.i.DiagnosticsManager]  [classpath + loader.0] file:/C:/MyProgram/JDK/jre/lib/management-agent.jar
2017-09-20 21:28:49.471+0000 INFO [o.n.k.i.DiagnosticsManager]  [classpath + loader.0] file:/C:/Users/Stanislav/.m2/repository/org/neo4j/neo4j-common/3.2.5/neo4j-common-3.2.5.jar
2017-09-20 21:28:49.471+0000 INFO [o.n.k.i.DiagnosticsManager]  [bootstrap + classpath + loader.0] file:/C:/MyProgram/JDK/jre/lib/jsse.jar
2017-09-20 21:28:49.471+0000 INFO [o.n.k.i.DiagnosticsManager]  [classpath + loader.0] file:/C:/Users/Stanislav/.m2/repository/org/neo4j/neo4j-primitive-collections/3.2.5/neo4j-primitive-collections-3.2.5.jar
2017-09-20 21:28:49.471+0000 INFO [o.n.k.i.DiagnosticsManager]  [classpath + loader.0] file:/C:/Users/Stanislav/.m2/repository/org/neo4j/neo4j-cypher-frontend-2.3/2.3.11/neo4j-cypher-frontend-2.3-2.3.11.jar
2017-09-20 21:28:49.471+0000 INFO [o.n.k.i.DiagnosticsManager]  [loader.1] file:/C:/MyProgram/JDK/jre/lib/ext/sunpkcs11.jar
2017-09-20 21:28:49.471+0000 INFO [o.n.k.i.DiagnosticsManager]  [classpath + loader.0] file:/C:/Users/Stanislav/.m2/repository/org/scala-lang/scala-reflect/2.11.8/scala-reflect-2.11.8.jar
2017-09-20 21:28:49.471+0000 INFO [o.n.k.i.DiagnosticsManager]  [classpath + loader.0] file:/C:/Users/Stanislav/.m2/repository/org/neo4j/neo4j-consistency-check/3.2.5/neo4j-consistency-check-3.2.5.jar
2017-09-20 21:28:49.471+0000 INFO [o.n.k.i.DiagnosticsManager]  [loader.1] file:/C:/MyProgram/JDK/jre/lib/ext/sunmscapi.jar
2017-09-20 21:28:49.471+0000 INFO [o.n.k.i.DiagnosticsManager]  [classpath + loader.0] file:/C:/Users/Stanislav/.m2/repository/org/neo4j/neo4j-cypher-frontend-3.2/3.2.5/neo4j-cypher-frontend-3.2-3.2.5.jar
2017-09-20 21:28:49.471+0000 INFO [o.n.k.i.DiagnosticsManager]  [bootstrap] C:\MyProgram\JDK\jre\classes
2017-09-20 21:28:49.471+0000 INFO [o.n.k.i.DiagnosticsManager]  [classpath + loader.0] file:/C:/Users/Stanislav/.m2/repository/org/neo4j/neo4j-lucene-upgrade/3.2.5/neo4j-lucene-upgrade-3.2.5.jar
2017-09-20 21:28:49.471+0000 INFO [o.n.k.i.DiagnosticsManager]  [classpath + loader.0] file:/C:/MyProgram/JDK/jre/lib/gl4java-glffonts.jar
2017-09-20 21:28:49.471+0000 INFO [o.n.k.i.DiagnosticsManager]  [classpath + loader.0] file:/C:/Users/Stanislav/.m2/repository/org/parboiled/parboiled-scala_2.11/1.1.7/parboiled-scala_2.11-1.1.7.jar
2017-09-20 21:28:49.471+0000 INFO [o.n.k.i.DiagnosticsManager]  [classpath + loader.0] file:/C:/Users/Stanislav/.m2/repository/org/neo4j/neo4j-graph-algo/3.2.5/neo4j-graph-algo-3.2.5.jar
2017-09-20 21:28:49.471+0000 INFO [o.n.k.i.DiagnosticsManager]  [classpath + loader.0] file:/C:/Users/Stanislav/.m2/repository/org/neo4j/neo4j-graph-matching/3.1.3/neo4j-graph-matching-3.1.3.jar
2017-09-20 21:28:49.472+0000 INFO [o.n.k.i.DiagnosticsManager]  [classpath + loader.0] file:/C:/Users/Stanislav/.m2/repository/org/apache/lucene/lucene-analyzers-common/5.5.0/lucene-analyzers-common-5.5.0.jar
2017-09-20 21:28:49.472+0000 INFO [o.n.k.i.DiagnosticsManager]  [classpath + loader.0] file:/C:/Users/Stanislav/.m2/repository/org/apache/lucene/lucene-queryparser/5.5.0/lucene-queryparser-5.5.0.jar
2017-09-20 21:28:49.472+0000 INFO [o.n.k.i.DiagnosticsManager]  [classpath + loader.0] file:/C:/Users/Stanislav/.m2/repository/org/neo4j/neo4j-io/3.2.5/neo4j-io-3.2.5.jar
2017-09-20 21:28:49.472+0000 INFO [o.n.k.i.DiagnosticsManager]  [classpath + loader.0] file:/C:/Users/Stanislav/.m2/repository/com/github/ben-manes/caffeine/caffeine/2.3.3/caffeine-2.3.3.jar
2017-09-20 21:28:49.472+0000 INFO [o.n.k.i.DiagnosticsManager]  [classpath + loader.0] file:/C:/Users/Stanislav/.m2/repository/org/neo4j/neo4j-cypher-compiler-2.3/2.3.11/neo4j-cypher-compiler-2.3-2.3.11.jar
2017-09-20 21:28:49.472+0000 INFO [o.n.k.i.DiagnosticsManager]  [loader.1] file:/C:/MyProgram/JDK/jre/lib/ext/gl4java.jar
2017-09-20 21:28:49.472+0000 INFO [o.n.k.i.DiagnosticsManager]  [classpath + loader.0] file:/C:/Users/Stanislav/.m2/repository/org/apache/lucene/lucene-core/5.5.0/lucene-core-5.5.0.jar
2017-09-20 21:28:49.472+0000 INFO [o.n.k.i.DiagnosticsManager]  [loader.1] file:/C:/MyProgram/JDK/jre/lib/ext/gl4java-glutfonts.jar
2017-09-20 21:28:49.472+0000 INFO [o.n.k.i.DiagnosticsManager]  [bootstrap] C:\MyProgram\JDK\jre\lib\sunrsasign.jar
2017-09-20 21:28:49.472+0000 INFO [o.n.k.i.DiagnosticsManager]  [loader.1] file:/C:/MyProgram/JDK/jre/lib/ext/access-bridge-64.jar
2017-09-20 21:28:49.472+0000 INFO [o.n.k.i.DiagnosticsManager]  [loader.0] file:/C:/MyProgram/IntelliJ%20IDEA%202016.3.3/lib/idea_rt.jar
2017-09-20 21:28:49.472+0000 INFO [o.n.k.i.DiagnosticsManager]  [classpath + loader.0] file:/C:/Users/Stanislav/.m2/repository/org/apache/commons/commons-compress/1.12/commons-compress-1.12.jar
2017-09-20 21:28:49.472+0000 INFO [o.n.k.i.DiagnosticsManager]  [classpath + loader.0] file:/C:/Users/Stanislav/.m2/repository/org/neo4j/neo4j-csv/3.2.5/neo4j-csv-3.2.5.jar
2017-09-20 21:28:49.472+0000 INFO [o.n.k.i.DiagnosticsManager]  [classpath + loader.0] file:/C:/MyProgram/JDK/jre/lib/deploy.jar
2017-09-20 21:28:49.473+0000 INFO [o.n.k.i.DiagnosticsManager]  [classpath + loader.0] file:/C:/Users/Stanislav/.m2/repository/org/neo4j/neo4j-jmx/3.2.5/neo4j-jmx-3.2.5.jar
2017-09-20 21:28:49.473+0000 INFO [o.n.k.i.DiagnosticsManager]  [bootstrap + classpath + loader.0] file:/C:/MyProgram/JDK/jre/lib/resources.jar
2017-09-20 21:28:49.473+0000 INFO [o.n.k.i.DiagnosticsManager]  [classpath] C:\MyProgram\IntelliJ IDEA 2016.3.3\lib\idea_rt.jar
2017-09-20 21:28:49.473+0000 INFO [o.n.k.i.DiagnosticsManager]  [loader.1] file:/C:/MyProgram/JDK/jre/lib/ext/nashorn.jar
2017-09-20 21:28:49.473+0000 INFO [o.n.k.i.DiagnosticsManager]  [classpath + loader.0] file:/C:/Users/Stanislav/.m2/repository/org/apache/lucene/lucene-codecs/5.5.0/lucene-codecs-5.5.0.jar
2017-09-20 21:28:49.473+0000 INFO [o.n.k.i.DiagnosticsManager]  [classpath + loader.0] file:/C:/Users/Stanislav/.m2/repository/org/parboiled/parboiled-core/1.1.7/parboiled-core-1.1.7.jar
2017-09-20 21:28:49.473+0000 INFO [o.n.k.i.DiagnosticsManager]  [classpath + loader.0] file:/C:/Users/Stanislav/.m2/repository/org/neo4j/neo4j-kernel/3.2.5/neo4j-kernel-3.2.5.jar
2017-09-20 21:28:49.473+0000 INFO [o.n.k.i.DiagnosticsManager]  [classpath + loader.0] file:/C:/Users/Stanislav/.m2/repository/org/neo4j/neo4j-import-tool/3.2.5/neo4j-import-tool-3.2.5.jar
2017-09-20 21:28:49.474+0000 INFO [o.n.k.i.DiagnosticsManager]  [loader.1] file:/C:/MyProgram/JDK/jre/lib/ext/jaccess.jar
2017-09-20 21:28:49.474+0000 INFO [o.n.k.i.DiagnosticsManager]  [classpath + loader.0] file:/C:/Users/Stanislav/.m2/repository/org/neo4j/neo4j/3.2.5/neo4j-3.2.5.jar
2017-09-20 21:28:49.474+0000 INFO [o.n.k.i.DiagnosticsManager]  [classpath + loader.0] file:/C:/Users/Stanislav/.m2/repository/org/neo4j/neo4j-udc/3.2.5/neo4j-udc-3.2.5.jar
2017-09-20 21:28:49.474+0000 INFO [o.n.k.i.DiagnosticsManager]  [bootstrap + classpath + loader.0] file:/C:/MyProgram/JDK/jre/lib/jfr.jar
2017-09-20 21:28:49.474+0000 INFO [o.n.k.i.DiagnosticsManager]  [classpath + loader.0] file:/C:/Users/Stanislav/.m2/repository/org/neo4j/neo4j-cypher-compiler-3.1/3.1.6/neo4j-cypher-compiler-3.1-3.1.6.jar
2017-09-20 21:28:49.474+0000 INFO [o.n.k.i.DiagnosticsManager]  [classpath + loader.0] file:/C:/MyProgram/JDK/jre/lib/plugin.jar
2017-09-20 21:28:49.474+0000 INFO [o.n.k.i.DiagnosticsManager]  [loader.1] file:/C:/MyProgram/JDK/jre/lib/ext/cldrdata.jar
2017-09-20 21:28:49.474+0000 INFO [o.n.k.i.DiagnosticsManager]  [classpath + loader.0] file:/C:/Users/Stanislav/.m2/repository/org/neo4j/neo4j-ssl/3.2.5/neo4j-ssl-3.2.5.jar
2017-09-20 21:28:49.474+0000 INFO [o.n.k.i.DiagnosticsManager]  [classpath + loader.0] file:/C:/MyProgram/JDK/jre/lib/jfxswt.jar
2017-09-20 21:28:49.475+0000 INFO [o.n.k.i.DiagnosticsManager]  [classpath + loader.0] file:/C:/Users/Stanislav/.m2/repository/org/apache/lucene/lucene-backward-codecs/5.5.0/lucene-backward-codecs-5.5.0.jar
2017-09-20 21:28:49.475+0000 INFO [o.n.k.i.DiagnosticsManager]  [classpath + loader.0] file:/C:/Users/Stanislav/.m2/repository/org/neo4j/neo4j-lucene-index/3.2.5/neo4j-lucene-index-3.2.5.jar
2017-09-20 21:28:49.475+0000 INFO [o.n.k.i.DiagnosticsManager]  [classpath + loader.0] file:/C:/Users/Stanislav/.m2/repository/org/neo4j/neo4j-graphdb-api/3.2.5/neo4j-graphdb-api-3.2.5.jar
2017-09-20 21:28:49.475+0000 INFO [o.n.k.i.DiagnosticsManager]  [loader.1] file:/C:/MyProgram/JDK/jre/lib/ext/localedata.jar
2017-09-20 21:28:49.475+0000 INFO [o.n.k.i.DiagnosticsManager]  [loader.1] file:/C:/MyProgram/JDK/jre/lib/ext/gl4java-glffonts.jar
2017-09-20 21:28:49.475+0000 INFO [o.n.k.i.DiagnosticsManager]  [loader.1] file:/C:/MyProgram/JDK/jre/lib/ext/jfxrt.jar
2017-09-20 21:28:49.475+0000 INFO [o.n.k.i.DiagnosticsManager]  [classpath + loader.0] file:/C:/Users/Stanislav/.m2/repository/org/neo4j/neo4j-cypher-ir-3.2/3.2.5/neo4j-cypher-ir-3.2-3.2.5.jar
2017-09-20 21:28:49.475+0000 INFO [o.n.k.i.DiagnosticsManager]  [classpath + loader.0] file:/C:/Users/Stanislav/.m2/repository/org/bouncycastle/bcprov-jdk15on/1.53/bcprov-jdk15on-1.53.jar
2017-09-20 21:28:49.475+0000 INFO [o.n.k.i.DiagnosticsManager] Library path:
2017-09-20 21:28:49.476+0000 INFO [o.n.k.i.DiagnosticsManager] C:\MyProgram\JDK\bin
2017-09-20 21:28:49.478+0000 INFO [o.n.k.i.DiagnosticsManager] C:\Windows\Sun\Java\bin
2017-09-20 21:28:49.478+0000 INFO [o.n.k.i.DiagnosticsManager] C:\Windows\System32
2017-09-20 21:28:49.478+0000 INFO [o.n.k.i.DiagnosticsManager] C:\Windows
2017-09-20 21:28:49.479+0000 INFO [o.n.k.i.DiagnosticsManager] C:\Program Files\Haskell\bin
2017-09-20 21:28:49.479+0000 INFO [o.n.k.i.DiagnosticsManager] C:\MyProgram\8.2.1\lib\extralibs\bin
2017-09-20 21:28:49.480+0000 INFO [o.n.k.i.DiagnosticsManager] C:\MyProgram\8.2.1\bin
2017-09-20 21:28:49.480+0000 INFO [o.n.k.i.DiagnosticsManager] C:\Windows\System32
2017-09-20 21:28:49.480+0000 INFO [o.n.k.i.DiagnosticsManager] C:\Windows
2017-09-20 21:28:49.481+0000 INFO [o.n.k.i.DiagnosticsManager] C:\Windows\System32\wbem
2017-09-20 21:28:49.481+0000 INFO [o.n.k.i.DiagnosticsManager] C:\Windows\System32\WindowsPowerShell\v1.0
2017-09-20 21:28:49.493+0000 INFO [o.n.k.i.DiagnosticsManager] C:\ProgramData\Oracle\Java\javapath
2017-09-20 21:28:49.494+0000 INFO [o.n.k.i.DiagnosticsManager] C:\Program Files (x86)\Windows Kits\8.1\Windows Performance Toolkit
2017-09-20 21:28:49.497+0000 INFO [o.n.k.i.DiagnosticsManager] C:\MyProgram\Git\cmd
2017-09-20 21:28:49.497+0000 INFO [o.n.k.i.DiagnosticsManager] C:\MyProgram\sqlite
2017-09-20 21:28:49.498+0000 INFO [o.n.k.i.DiagnosticsManager] C:\Program Files\MySQL\MySQL Utilities 1.6
2017-09-20 21:28:49.499+0000 INFO [o.n.k.i.DiagnosticsManager] C:\Program Files (x86)\Skype\Phone
2017-09-20 21:28:49.499+0000 INFO [o.n.k.i.DiagnosticsManager] C:\TestTest\libs
2017-09-20 21:28:49.500+0000 INFO [o.n.k.i.DiagnosticsManager] C:\MyProgram\8.2.1\mingw\bin
2017-09-20 21:28:49.501+0000 INFO [o.n.k.i.DiagnosticsManager] C:\Users\Stanislav\AppData\Roaming\cabal\bin
2017-09-20 21:28:49.502+0000 INFO [o.n.k.i.DiagnosticsManager] C:\Users\Stanislav\AppData\Roaming\local\bin
2017-09-20 21:28:49.502+0000 INFO [o.n.k.i.DiagnosticsManager] C:\Users\Stanislav\AppData\Local\Microsoft\WindowsApps
2017-09-20 21:28:49.503+0000 INFO [o.n.k.i.DiagnosticsManager] C:\Univer\4curs\Neo4j_Test
2017-09-20 21:28:49.503+0000 INFO [o.n.k.i.DiagnosticsManager] System.properties:
2017-09-20 21:28:49.503+0000 INFO [o.n.k.i.DiagnosticsManager] sun.boot.library.path = C:\MyProgram\JDK\jre\bin
2017-09-20 21:28:49.504+0000 INFO [o.n.k.i.DiagnosticsManager] path.separator = ;
2017-09-20 21:28:49.504+0000 INFO [o.n.k.i.DiagnosticsManager] idea.launcher.port = 7532
2017-09-20 21:28:49.504+0000 INFO [o.n.k.i.DiagnosticsManager] file.encoding.pkg = sun.io
2017-09-20 21:28:49.504+0000 INFO [o.n.k.i.DiagnosticsManager] user.country = RU
2017-09-20 21:28:49.504+0000 INFO [o.n.k.i.DiagnosticsManager] user.script = 
2017-09-20 21:28:49.504+0000 INFO [o.n.k.i.DiagnosticsManager] sun.java.launcher = SUN_STANDARD
2017-09-20 21:28:49.504+0000 INFO [o.n.k.i.DiagnosticsManager] sun.os.patch.level = 
2017-09-20 21:28:49.504+0000 INFO [o.n.k.i.DiagnosticsManager] user.dir = C:\Univer\4curs\Neo4j_Test
2017-09-20 21:28:49.504+0000 INFO [o.n.k.i.DiagnosticsManager] user.variant = 
2017-09-20 21:28:49.504+0000 INFO [o.n.k.i.DiagnosticsManager] sun.jnu.encoding = Cp1251
2017-09-20 21:28:49.504+0000 INFO [o.n.k.i.DiagnosticsManager] sun.management.compiler = HotSpot 64-Bit Tiered Compilers
2017-09-20 21:28:49.504+0000 INFO [o.n.k.i.DiagnosticsManager] user.home = C:\Users\Stanislav
2017-09-20 21:28:49.504+0000 INFO [o.n.k.i.DiagnosticsManager] user.timezone = Europe/Moscow
2017-09-20 21:28:49.504+0000 INFO [o.n.k.i.DiagnosticsManager] file.encoding = UTF-8
2017-09-20 21:28:49.504+0000 INFO [o.n.k.i.DiagnosticsManager] idea.launcher.bin.path = C:\MyProgram\IntelliJ IDEA 2016.3.3\bin
2017-09-20 21:28:49.504+0000 INFO [o.n.k.i.DiagnosticsManager] user.name = Stanislav
2017-09-20 21:28:49.504+0000 INFO [o.n.k.i.DiagnosticsManager] sun.java.command = com.intellij.rt.execution.application.AppMain Test
2017-09-20 21:28:49.504+0000 INFO [o.n.k.i.DiagnosticsManager] sun.arch.data.model = 64
2017-09-20 21:28:49.505+0000 INFO [o.n.k.i.DiagnosticsManager] user.language = ru
2017-09-20 21:28:49.505+0000 INFO [o.n.k.i.DiagnosticsManager] awt.toolkit = sun.awt.windows.WToolkit
2017-09-20 21:28:49.505+0000 INFO [o.n.k.i.DiagnosticsManager] file.separator = \
2017-09-20 21:28:49.505+0000 INFO [o.n.k.i.DiagnosticsManager] sun.io.unicode.encoding = UnicodeLittle
2017-09-20 21:28:49.505+0000 INFO [o.n.k.i.DiagnosticsManager] sun.cpu.endian = little
2017-09-20 21:28:49.505+0000 INFO [o.n.k.i.DiagnosticsManager] sun.desktop = windows
2017-09-20 21:28:49.505+0000 INFO [o.n.k.i.DiagnosticsManager] sun.cpu.isalist = amd64
2017-09-20 21:28:49.505+0000 INFO [o.n.k.i.DiagnosticsManager] Network information:
2017-09-20 21:28:49.670+0000 INFO [o.n.k.i.DiagnosticsManager] Interface Software Loopback Interface 1:
2017-09-20 21:28:49.670+0000 INFO [o.n.k.i.DiagnosticsManager]     address: 127.0.0.1
2017-09-20 21:28:49.671+0000 INFO [o.n.k.i.DiagnosticsManager]     address: 0:0:0:0:0:0:0:1
2017-09-20 21:28:49.671+0000 INFO [o.n.k.i.DiagnosticsManager] Interface WAN Miniport (IP):
2017-09-20 21:28:49.671+0000 INFO [o.n.k.i.DiagnosticsManager] Interface Microsoft Teredo Tunneling Adapter:
2017-09-20 21:28:49.671+0000 INFO [o.n.k.i.DiagnosticsManager]     address: 2001:0:9d38:6ab8:4c7:2785:4fc4:ff43
2017-09-20 21:28:49.671+0000 INFO [o.n.k.i.DiagnosticsManager]     address: fe80:0:0:0:4c7:2785:4fc4:ff43%net0
2017-09-20 21:28:49.671+0000 INFO [o.n.k.i.DiagnosticsManager] Interface WAN Miniport (IPv6):
2017-09-20 21:28:49.671+0000 INFO [o.n.k.i.DiagnosticsManager] Interface WAN Miniport (Network Monitor):
2017-09-20 21:28:49.671+0000 INFO [o.n.k.i.DiagnosticsManager] Interface Microsoft Hosted Network Virtual Adapter:
2017-09-20 21:28:49.672+0000 INFO [o.n.k.i.DiagnosticsManager]     address: fe80:0:0:0:a4ab:c150:7c2c:606e%wlan0
2017-09-20 21:28:49.672+0000 INFO [o.n.k.i.DiagnosticsManager] Interface Bluetooth Device (RFCOMM Protocol TDI):
2017-09-20 21:28:49.672+0000 INFO [o.n.k.i.DiagnosticsManager] Interface WAN Miniport (PPPOE):
2017-09-20 21:28:49.672+0000 INFO [o.n.k.i.DiagnosticsManager] Interface Bluetooth Device (Personal Area Network):
2017-09-20 21:28:49.672+0000 INFO [o.n.k.i.DiagnosticsManager] Interface WAN Miniport (IKEv2):
2017-09-20 21:28:49.672+0000 INFO [o.n.k.i.DiagnosticsManager] Interface WAN Miniport (PPTP):
2017-09-20 21:28:49.672+0000 INFO [o.n.k.i.DiagnosticsManager] Interface WAN Miniport (L2TP):
2017-09-20 21:28:49.672+0000 INFO [o.n.k.i.DiagnosticsManager] Interface WAN Miniport (SSTP):
2017-09-20 21:28:49.672+0000 INFO [o.n.k.i.DiagnosticsManager] Interface Broadcom NetLink (TM) Gigabit Ethernet:
2017-09-20 21:28:49.673+0000 INFO [o.n.k.i.DiagnosticsManager] Interface Microsoft Kernel Debug Network Adapter:
2017-09-20 21:28:49.673+0000 INFO [o.n.k.i.DiagnosticsManager] Interface Microsoft Wi-Fi Direct Virtual Adapter:
2017-09-20 21:28:49.673+0000 INFO [o.n.k.i.DiagnosticsManager]     address: fe80:0:0:0:e195:73:18f6:97a%wlan1
2017-09-20 21:28:49.673+0000 INFO [o.n.k.i.DiagnosticsManager] Interface Qualcomm Atheros AR5BWB222 Wireless Network Adapter:
2017-09-20 21:28:49.673+0000 INFO [o.n.k.i.DiagnosticsManager]     address: 192.168.43.203
2017-09-20 21:28:49.673+0000 INFO [o.n.k.i.DiagnosticsManager] Interface VirtualBox Host-Only Ethernet Adapter:
2017-09-20 21:28:49.673+0000 INFO [o.n.k.i.DiagnosticsManager] Interface Broadcom NetLink (TM) Gigabit Ethernet-WFP Native MAC Layer LightWeight Filter-0000:
2017-09-20 21:28:49.673+0000 INFO [o.n.k.i.DiagnosticsManager] Interface Broadcom NetLink (TM) Gigabit Ethernet-VirtualBox NDIS Light-Weight Filter-0000:
2017-09-20 21:28:49.673+0000 INFO [o.n.k.i.DiagnosticsManager] Interface Broadcom NetLink (TM) Gigabit Ethernet-QoS Packet Scheduler-0000:
2017-09-20 21:28:49.673+0000 INFO [o.n.k.i.DiagnosticsManager] Interface Broadcom NetLink (TM) Gigabit Ethernet-WFP 802.3 MAC Layer LightWeight Filter-0000:
2017-09-20 21:28:49.673+0000 INFO [o.n.k.i.DiagnosticsManager] Interface Qualcomm Atheros AR5BWB222 Wireless Network Adapter-WFP Native MAC Layer LightWeight Filter-0000:
2017-09-20 21:28:49.673+0000 INFO [o.n.k.i.DiagnosticsManager] Interface Qualcomm Atheros AR5BWB222 Wireless Network Adapter-Virtual WiFi Filter Driver-0000:
2017-09-20 21:28:49.673+0000 INFO [o.n.k.i.DiagnosticsManager] Interface Qualcomm Atheros AR5BWB222 Wireless Network Adapter-Native WiFi Filter Driver-0000:
2017-09-20 21:28:49.673+0000 INFO [o.n.k.i.DiagnosticsManager] Interface Qualcomm Atheros AR5BWB222 Wireless Network Adapter-VirtualBox NDIS Light-Weight Filter-0000:
2017-09-20 21:28:49.674+0000 INFO [o.n.k.i.DiagnosticsManager] Interface Qualcomm Atheros AR5BWB222 Wireless Network Adapter-QoS Packet Scheduler-0000:
2017-09-20 21:28:49.674+0000 INFO [o.n.k.i.DiagnosticsManager] Interface Qualcomm Atheros AR5BWB222 Wireless Network Adapter-WFP 802.3 MAC Layer LightWeight Filter-0000:
2017-09-20 21:28:49.674+0000 INFO [o.n.k.i.DiagnosticsManager] Interface Microsoft Hosted Network Virtual Adapter-WFP Native MAC Layer LightWeight Filter-0000:
2017-09-20 21:28:49.674+0000 INFO [o.n.k.i.DiagnosticsManager] Interface Microsoft Hosted Network Virtual Adapter-Native WiFi Filter Driver-0000:
2017-09-20 21:28:49.674+0000 INFO [o.n.k.i.DiagnosticsManager] Interface Microsoft Hosted Network Virtual Adapter-VirtualBox NDIS Light-Weight Filter-0000:
2017-09-20 21:28:49.674+0000 INFO [o.n.k.i.DiagnosticsManager] Interface Microsoft Hosted Network Virtual Adapter-QoS Packet Scheduler-0000:
2017-09-20 21:28:49.674+0000 INFO [o.n.k.i.DiagnosticsManager] Interface Microsoft Wi-Fi Direct Virtual Adapter-WFP Native MAC Layer LightWeight Filter-0000:
2017-09-20 21:28:49.674+0000 INFO [o.n.k.i.DiagnosticsManager] Interface Microsoft Hosted Network Virtual Adapter-WFP 802.3 MAC Layer LightWeight Filter-0000:
2017-09-20 21:28:49.674+0000 INFO [o.n.k.i.DiagnosticsManager] Interface Microsoft Wi-Fi Direct Virtual Adapter-Native WiFi Filter Driver-0000:
2017-09-20 21:28:49.674+0000 INFO [o.n.k.i.DiagnosticsManager] Interface Microsoft Wi-Fi Direct Virtual Adapter-VirtualBox NDIS Light-Weight Filter-0000:
2017-09-20 21:28:49.674+0000 INFO [o.n.k.i.DiagnosticsManager] Interface Microsoft Wi-Fi Direct Virtual Adapter-QoS Packet Scheduler-0000:
2017-09-20 21:28:49.674+0000 INFO [o.n.k.i.DiagnosticsManager] Interface Microsoft Wi-Fi Direct Virtual Adapter-WFP 802.3 MAC Layer LightWeight Filter-0000:
2017-09-20 21:28:49.675+0000 INFO [o.n.k.i.DiagnosticsManager] Interface WAN Miniport (IP)-WFP Native MAC Layer LightWeight Filter-0000:
2017-09-20 21:28:49.675+0000 INFO [o.n.k.i.DiagnosticsManager] Interface WAN Miniport (IP)-QoS Packet Scheduler-0000:
2017-09-20 21:28:49.675+0000 INFO [o.n.k.i.DiagnosticsManager] Interface WAN Miniport (IPv6)-WFP Native MAC Layer LightWeight Filter-0000:
2017-09-20 21:28:49.675+0000 INFO [o.n.k.i.DiagnosticsManager] Interface WAN Miniport (IPv6)-QoS Packet Scheduler-0000:
2017-09-20 21:28:49.675+0000 INFO [o.n.k.i.DiagnosticsManager] Interface WAN Miniport (Network Monitor)-WFP Native MAC Layer LightWeight Filter-0000:
2017-09-20 21:28:49.675+0000 INFO [o.n.k.i.DiagnosticsManager] Interface WAN Miniport (Network Monitor)-QoS Packet Scheduler-0000:
2017-09-20 21:28:49.675+0000 INFO [o.n.k.i.DiagnosticsManager] --- INITIALIZED diagnostics END ---
2017-09-20 21:28:50.471+0000 INFO [o.n.k.i.s.f.RecordFormatSelector] Selected format 'RecordFormat:StandardV3_2[v0.A.8]' for the new store
2017-09-20 21:28:54.616+0000 INFO [o.n.k.i.a.i.IndexingService] IndexingService.init: indexes not specifically mentioned above are null
2017-09-20 21:28:54.622+0000 INFO [o.n.k.i.i.l.NativeLabelScanStore] No scan store found, this might just be first use. Preparing to rebuild.
2017-09-20 21:28:54.898+0000 INFO [o.n.k.NeoStoreDataSource] Opened logical log [C:\Univer\4curs\Neo4j_Test\data\cars\neostore.transaction.db.0] version=0, lastTxId=1 (clean)
2017-09-20 21:28:54.936+0000 INFO [o.n.k.NeoStoreDataSource] No commits found after last check point (which is at <no log position given>)
2017-09-20 21:28:54.971+0000 WARN [o.n.k.i.s.MetaDataStore] Missing counts store, rebuilding it.
2017-09-20 21:28:55.192+0000 WARN [o.n.k.i.s.MetaDataStore] Counts store rebuild completed.
2017-09-20 21:28:55.222+0000 INFO [o.n.k.i.a.i.IndexingService] IndexingService.start: indexes not specifically mentioned above are null
2017-09-20 21:28:55.231+0000 INFO [o.n.k.i.i.l.NativeLabelScanStore] Rebuilding scan store, this may take a while
2017-09-20 21:28:55.449+0000 INFO [o.n.k.i.i.l.NativeLabelScanStore] Scan store rebuilt (roughly 0 nodes)
2017-09-20 21:28:55.458+0000 INFO [o.n.k.i.DatabaseHealth] Database health set to OK
2017-09-20 21:28:57.932+0000 INFO [o.n.k.AvailabilityGuard] Fulfilling of requirement makes database available: Database available
2017-09-20 21:28:57.939+0000 INFO [o.n.k.i.f.GraphDatabaseFacadeFactory] Database is now ready
2017-09-20 21:28:57.949+0000 INFO [o.n.k.i.DiagnosticsManager] --- STARTED diagnostics for KernelDiagnostics:Versions START ---
2017-09-20 21:28:57.956+0000 INFO [o.n.k.i.DiagnosticsManager] Graph Database: community single StoreId{creationTime=1505942933721, randomId=-1431278890493478061, storeVersion=15813456178476550, upgradeTime=1505942933721, upgradeId=1}
2017-09-20 21:28:57.963+0000 INFO [o.n.k.i.DiagnosticsManager] Kernel version: 3.2.5,4e50ec022d826b946e6f700292eff3db8a8839e9
2017-09-20 21:28:57.969+0000 INFO [o.n.k.i.DiagnosticsManager] --- STARTED diagnostics for KernelDiagnostics:Versions END ---
2017-09-20 21:28:57.979+0000 INFO [o.n.k.i.DiagnosticsManager] --- STARTED diagnostics for NEO_STORE_VERSIONS START ---
2017-09-20 21:28:57.985+0000 INFO [o.n.k.i.DiagnosticsManager] Store versions:
2017-09-20 21:28:57.992+0000 INFO [o.n.k.i.DiagnosticsManager] Store versions:
2017-09-20 21:28:57.999+0000 INFO [o.n.k.i.DiagnosticsManager]   ArrayPropertyStore v0.A.8
2017-09-20 21:28:58.005+0000 INFO [o.n.k.i.DiagnosticsManager]   NodeStore v0.A.8
2017-09-20 21:28:58.011+0000 INFO [o.n.k.i.DiagnosticsManager]   StringPropertyStore v0.A.8
2017-09-20 21:28:58.017+0000 INFO [o.n.k.i.DiagnosticsManager]   PropertyIndexStore v0.A.8
2017-09-20 21:28:58.024+0000 INFO [o.n.k.i.DiagnosticsManager]   StringPropertyStore v0.A.8
2017-09-20 21:28:58.030+0000 INFO [o.n.k.i.DiagnosticsManager]   ArrayPropertyStore v0.A.8
2017-09-20 21:28:58.036+0000 INFO [o.n.k.i.DiagnosticsManager]   PropertyStore v0.A.8
2017-09-20 21:28:58.042+0000 INFO [o.n.k.i.DiagnosticsManager]   RelationshipStore v0.A.8
2017-09-20 21:28:58.048+0000 INFO [o.n.k.i.DiagnosticsManager]   StringPropertyStore v0.A.8
2017-09-20 21:28:58.054+0000 INFO [o.n.k.i.DiagnosticsManager]   RelationshipTypeStore v0.A.8
2017-09-20 21:28:58.061+0000 INFO [o.n.k.i.DiagnosticsManager]   StringPropertyStore v0.A.8
2017-09-20 21:28:58.067+0000 INFO [o.n.k.i.DiagnosticsManager]   LabelTokenStore v0.A.8
2017-09-20 21:28:58.074+0000 INFO [o.n.k.i.DiagnosticsManager]   SchemaStore v0.A.8
2017-09-20 21:28:58.082+0000 INFO [o.n.k.i.DiagnosticsManager]   RelationshipGroupStore v0.A.8
2017-09-20 21:28:58.088+0000 INFO [o.n.k.i.DiagnosticsManager]   NeoStore v0.A.8
2017-09-20 21:28:58.095+0000 INFO [o.n.k.i.DiagnosticsManager] --- STARTED diagnostics for NEO_STORE_VERSIONS END ---
2017-09-20 21:28:58.101+0000 INFO [o.n.k.i.DiagnosticsManager] --- STARTED diagnostics for NEO_STORE_ID_USAGE START ---
2017-09-20 21:28:58.109+0000 INFO [o.n.k.i.DiagnosticsManager] Id usage:
2017-09-20 21:28:58.115+0000 INFO [o.n.k.i.DiagnosticsManager] Id usage:
2017-09-20 21:28:58.121+0000 INFO [o.n.k.i.DiagnosticsManager]   ArrayPropertyStore: used=1 high=0
2017-09-20 21:28:58.129+0000 INFO [o.n.k.i.DiagnosticsManager]   NodeStore: used=0 high=-1
2017-09-20 21:28:58.135+0000 INFO [o.n.k.i.DiagnosticsManager]   StringPropertyStore: used=1 high=0
2017-09-20 21:28:58.142+0000 INFO [o.n.k.i.DiagnosticsManager]   PropertyIndexStore: used=0 high=-1
2017-09-20 21:28:58.151+0000 INFO [o.n.k.i.DiagnosticsManager]   StringPropertyStore: used=1 high=0
2017-09-20 21:28:58.159+0000 INFO [o.n.k.i.DiagnosticsManager]   ArrayPropertyStore: used=1 high=0
2017-09-20 21:28:58.165+0000 INFO [o.n.k.i.DiagnosticsManager]   PropertyStore: used=0 high=-1
2017-09-20 21:28:58.181+0000 INFO [o.n.k.i.DiagnosticsManager]   RelationshipStore: used=0 high=-1
2017-09-20 21:28:58.188+0000 INFO [o.n.k.i.DiagnosticsManager]   StringPropertyStore: used=1 high=0
2017-09-20 21:28:58.200+0000 INFO [o.n.k.i.DiagnosticsManager]   RelationshipTypeStore: used=0 high=-1
2017-09-20 21:28:58.208+0000 INFO [o.n.k.i.DiagnosticsManager]   StringPropertyStore: used=1 high=0
2017-09-20 21:28:58.215+0000 INFO [o.n.k.i.DiagnosticsManager]   LabelTokenStore: used=0 high=-1
2017-09-20 21:28:58.224+0000 INFO [o.n.k.i.DiagnosticsManager]   SchemaStore: used=1 high=0
2017-09-20 21:28:58.233+0000 INFO [o.n.k.i.DiagnosticsManager]   RelationshipGroupStore: used=1 high=0
2017-09-20 21:28:58.243+0000 INFO [o.n.k.i.DiagnosticsManager]   NeoStore: used=0 high=-1
2017-09-20 21:28:58.251+0000 INFO [o.n.k.i.DiagnosticsManager] --- STARTED diagnostics for NEO_STORE_ID_USAGE END ---
2017-09-20 21:28:58.259+0000 INFO [o.n.k.i.DiagnosticsManager] --- STARTED diagnostics for NEO_STORE_RECORDS START ---
2017-09-20 21:28:58.264+0000 INFO [o.n.k.i.DiagnosticsManager] Neostore records:
2017-09-20 21:28:58.272+0000 INFO [o.n.k.i.DiagnosticsManager] TIME (Creation time): 1505942933721
2017-09-20 21:28:58.279+0000 INFO [o.n.k.i.DiagnosticsManager] RANDOM_NUMBER (Random number for store id): -1431278890493478061
2017-09-20 21:28:58.286+0000 INFO [o.n.k.i.DiagnosticsManager] LOG_VERSION (Current log version): 0
2017-09-20 21:28:58.292+0000 INFO [o.n.k.i.DiagnosticsManager] LAST_TRANSACTION_ID (Last committed transaction): 1
2017-09-20 21:28:58.298+0000 INFO [o.n.k.i.DiagnosticsManager] STORE_VERSION (Store format version): 15813456178476550
2017-09-20 21:28:58.304+0000 INFO [o.n.k.i.DiagnosticsManager] FIRST_GRAPH_PROPERTY (First property record containing graph properties): -1
2017-09-20 21:28:58.311+0000 INFO [o.n.k.i.DiagnosticsManager] LAST_CONSTRAINT_TRANSACTION (Last committed transaction containing constraint changes): 0
2017-09-20 21:28:58.318+0000 INFO [o.n.k.i.DiagnosticsManager] UPGRADE_TRANSACTION_ID (Transaction id most recent upgrade was performed at): 1
2017-09-20 21:28:58.324+0000 INFO [o.n.k.i.DiagnosticsManager] UPGRADE_TIME (Time of last upgrade): 1505942933721
2017-09-20 21:28:58.330+0000 INFO [o.n.k.i.DiagnosticsManager] LAST_TRANSACTION_CHECKSUM (Checksum of last committed transaction): 0
2017-09-20 21:28:58.336+0000 INFO [o.n.k.i.DiagnosticsManager] UPGRADE_TRANSACTION_CHECKSUM (Checksum of transaction id the most recent upgrade was performed at): 0
2017-09-20 21:28:58.345+0000 INFO [o.n.k.i.DiagnosticsManager] LAST_CLOSED_TRANSACTION_LOG_VERSION (Log version where the last transaction commit entry has been written into): 0
2017-09-20 21:28:58.351+0000 INFO [o.n.k.i.DiagnosticsManager] LAST_CLOSED_TRANSACTION_LOG_BYTE_OFFSET (Byte offset in the log file where the last transaction commit entry has been written into): 16
2017-09-20 21:28:58.357+0000 INFO [o.n.k.i.DiagnosticsManager] LAST_TRANSACTION_COMMIT_TIMESTAMP (Commit time timestamp for last committed transaction): 0
2017-09-20 21:28:58.364+0000 INFO [o.n.k.i.DiagnosticsManager] UPGRADE_TRANSACTION_COMMIT_TIMESTAMP (Commit timestamp of transaction the most recent upgrade was performed at): 0
2017-09-20 21:28:58.371+0000 INFO [o.n.k.i.DiagnosticsManager] --- STARTED diagnostics for NEO_STORE_RECORDS END ---
2017-09-20 21:28:58.378+0000 INFO [o.n.k.i.DiagnosticsManager] --- STARTED diagnostics for TRANSACTION_RANGE START ---
2017-09-20 21:28:58.384+0000 INFO [o.n.k.i.DiagnosticsManager] Transaction log:
2017-09-20 21:28:58.394+0000 INFO [o.n.k.i.DiagnosticsManager] No transactions found in any log
2017-09-20 21:28:58.402+0000 INFO [o.n.k.i.DiagnosticsManager] --- STARTED diagnostics for TRANSACTION_RANGE END ---
2017-09-20 21:28:58.409+0000 INFO [o.n.k.i.DiagnosticsManager] --- STARTED diagnostics for KernelDiagnostics:StoreFiles START ---
2017-09-20 21:28:58.418+0000 INFO [o.n.k.i.DiagnosticsManager] Disk space on partition (Total / Free / Free %): 901614260224 / 674856370176 / 74
Storage files: (filename : modification date - size)
2017-09-20 21:28:58.428+0000 INFO [o.n.k.i.DiagnosticsManager]   index:
2017-09-20 21:28:58.435+0000 INFO [o.n.k.i.DiagnosticsManager]   - Total: 2017-09-21T00:28:54+0300 - 0,00 B
2017-09-20 21:28:58.442+0000 INFO [o.n.k.i.DiagnosticsManager]   logs:
2017-09-20 21:28:58.454+0000 INFO [o.n.k.i.DiagnosticsManager]     debug.log: 2017-09-21T00:28:48+0300 - 39,63 kB
2017-09-20 21:28:58.463+0000 INFO [o.n.k.i.DiagnosticsManager]   - Total: 2017-09-21T00:28:48+0300 - 39,63 kB
2017-09-20 21:28:58.470+0000 INFO [o.n.k.i.DiagnosticsManager]   neostore: 2017-09-21T00:28:53+0300 - 8,00 kB
2017-09-20 21:28:58.478+0000 INFO [o.n.k.i.DiagnosticsManager]   neostore.counts.db.a: 2017-09-21T00:28:55+0300 - 96,00 B
2017-09-20 21:28:58.487+0000 INFO [o.n.k.i.DiagnosticsManager]   neostore.id: 2017-09-21T00:28:53+0300 - 9,00 B
2017-09-20 21:28:58.518+0000 INFO [o.n.k.i.DiagnosticsManager]   neostore.labelscanstore.db: 2017-09-21T00:28:55+0300 - 40,00 kB
2017-09-20 21:28:58.526+0000 INFO [o.n.k.i.DiagnosticsManager]   neostore.labeltokenstore.db: 2017-09-21T00:28:53+0300 - 0,00 B
2017-09-20 21:28:58.535+0000 INFO [o.n.k.i.DiagnosticsManager]   neostore.labeltokenstore.db.id: 2017-09-21T00:28:53+0300 - 9,00 B
2017-09-20 21:28:58.543+0000 INFO [o.n.k.i.DiagnosticsManager]   neostore.labeltokenstore.db.names: 2017-09-21T00:28:52+0300 - 8,00 kB
2017-09-20 21:28:58.552+0000 INFO [o.n.k.i.DiagnosticsManager]   neostore.labeltokenstore.db.names.id: 2017-09-21T00:28:52+0300 - 9,00 B
2017-09-20 21:28:58.561+0000 INFO [o.n.k.i.DiagnosticsManager]   neostore.nodestore.db: 2017-09-21T00:28:51+0300 - 0,00 B
2017-09-20 21:28:58.569+0000 INFO [o.n.k.i.DiagnosticsManager]   neostore.nodestore.db.id: 2017-09-21T00:28:51+0300 - 9,00 B
2017-09-20 21:28:58.575+0000 INFO [o.n.k.i.DiagnosticsManager]   neostore.nodestore.db.labels: 2017-09-21T00:28:50+0300 - 8,00 kB
2017-09-20 21:28:58.582+0000 INFO [o.n.k.i.DiagnosticsManager]   neostore.nodestore.db.labels.id: 2017-09-21T00:28:50+0300 - 9,00 B
2017-09-20 21:28:58.588+0000 INFO [o.n.k.i.DiagnosticsManager]   neostore.propertystore.db: 2017-09-21T00:28:52+0300 - 0,00 B
2017-09-20 21:28:58.594+0000 INFO [o.n.k.i.DiagnosticsManager]   neostore.propertystore.db.arrays: 2017-09-21T00:28:51+0300 - 8,00 kB
2017-09-20 21:28:58.600+0000 INFO [o.n.k.i.DiagnosticsManager]   neostore.propertystore.db.arrays.id: 2017-09-21T00:28:51+0300 - 9,00 B
2017-09-20 21:28:58.607+0000 INFO [o.n.k.i.DiagnosticsManager]   neostore.propertystore.db.id: 2017-09-21T00:28:52+0300 - 9,00 B
2017-09-20 21:28:58.612+0000 INFO [o.n.k.i.DiagnosticsManager]   neostore.propertystore.db.index: 2017-09-21T00:28:51+0300 - 0,00 B
2017-09-20 21:28:58.619+0000 INFO [o.n.k.i.DiagnosticsManager]   neostore.propertystore.db.index.id: 2017-09-21T00:28:51+0300 - 9,00 B
2017-09-20 21:28:58.624+0000 INFO [o.n.k.i.DiagnosticsManager]   neostore.propertystore.db.index.keys: 2017-09-21T00:28:51+0300 - 8,00 kB
2017-09-20 21:28:58.631+0000 INFO [o.n.k.i.DiagnosticsManager]   neostore.propertystore.db.index.keys.id: 2017-09-21T00:28:51+0300 - 9,00 B
2017-09-20 21:28:58.638+0000 INFO [o.n.k.i.DiagnosticsManager]   neostore.propertystore.db.strings: 2017-09-21T00:28:51+0300 - 8,00 kB
2017-09-20 21:28:58.644+0000 INFO [o.n.k.i.DiagnosticsManager]   neostore.propertystore.db.strings.id: 2017-09-21T00:28:51+0300 - 9,00 B
2017-09-20 21:28:58.650+0000 INFO [o.n.k.i.DiagnosticsManager]   neostore.relationshipgroupstore.db: 2017-09-21T00:28:53+0300 - 8,00 kB
2017-09-20 21:28:58.657+0000 INFO [o.n.k.i.DiagnosticsManager]   neostore.relationshipgroupstore.db.id: 2017-09-21T00:28:53+0300 - 9,00 B
2017-09-20 21:28:58.663+0000 INFO [o.n.k.i.DiagnosticsManager]   neostore.relationshipstore.db: 2017-09-21T00:28:52+0300 - 0,00 B
2017-09-20 21:28:58.669+0000 INFO [o.n.k.i.DiagnosticsManager]   neostore.relationshipstore.db.id: 2017-09-21T00:28:52+0300 - 9,00 B
2017-09-20 21:28:58.674+0000 INFO [o.n.k.i.DiagnosticsManager]   neostore.relationshiptypestore.db: 2017-09-21T00:28:52+0300 - 0,00 B
2017-09-20 21:28:58.680+0000 INFO [o.n.k.i.DiagnosticsManager]   neostore.relationshiptypestore.db.id: 2017-09-21T00:28:52+0300 - 9,00 B
2017-09-20 21:28:58.685+0000 INFO [o.n.k.i.DiagnosticsManager]   neostore.relationshiptypestore.db.names: 2017-09-21T00:28:52+0300 - 8,00 kB
2017-09-20 21:28:58.693+0000 INFO [o.n.k.i.DiagnosticsManager]   neostore.relationshiptypestore.db.names.id: 2017-09-21T00:28:52+0300 - 9,00 B
2017-09-20 21:28:58.700+0000 INFO [o.n.k.i.DiagnosticsManager]   neostore.schemastore.db: 2017-09-21T00:28:53+0300 - 8,00 kB
2017-09-20 21:28:58.706+0000 INFO [o.n.k.i.DiagnosticsManager]   neostore.schemastore.db.id: 2017-09-21T00:28:53+0300 - 9,00 B
2017-09-20 21:28:58.711+0000 INFO [o.n.k.i.DiagnosticsManager]   neostore.transaction.db.0: 2017-09-21T00:28:54+0300 - 16,00 B
2017-09-20 21:28:58.717+0000 INFO [o.n.k.i.DiagnosticsManager]   store_lock: 2017-09-21T00:28:50+0300 - 0,00 B
2017-09-20 21:28:58.722+0000 INFO [o.n.k.i.DiagnosticsManager] --- STARTED diagnostics for KernelDiagnostics:StoreFiles END ---
